isucon@ip-172-31-8-226:/etc/nginx/sites-available$ sudo cat /var/log/nginx/access.log | alp ltsv -rm '/api/estate/[0-9]+,/api/chair/[0-9]+,/api/recommended_estate/[0-9]+,/api/estate/req_doc/[0-9]+,/api/chair/buy/[0-9]+'
+-------+-----+------+-----+-----+-----+--------+--------------------------------+-------+-------+---------+-------+-------+-------+-------+--------+-----------+-----------+--------------+-----------+
| COUNT | 1XX | 2XX  | 3XX | 4XX | 5XX | METHOD |              URI               |  MIN  |  MAX  |   SUM   |  AVG  |  P90  |  P95  |  P99  | STDDEV | MIN(BODY) | MAX(BODY) |  SUM(BODY)   | AVG(BODY) |
+-------+-----+------+-----+-----+-----+--------+--------------------------------+-------+-------+---------+-------+-------+-------+-------+--------+-----------+-----------+--------------+-----------+
|  1920 |   0 | 1902 |   0 |  18 |   0 | GET    | /api/estate/[0-9]+             | 0.004 | 0.228 |  39.488 | 0.021 | 0.060 | 0.080 | 0.140 |  0.030 |     0.000 |   722.000 |  1168310.000 |   608.495 |
|  1416 |   0 | 1412 |   0 |   4 |   0 | GET    | /api/estate/search             | 0.002 | 0.480 | 172.277 | 0.122 | 0.188 | 0.220 | 0.316 |  0.056 |     0.000 | 23247.000 | 22600986.000 | 15961.148 |
|  1343 |   0 | 1339 |   0 |   4 |   0 | GET    | /api/chair/[0-9]+              | 0.004 | 0.272 |  30.304 | 0.023 | 0.060 | 0.088 | 0.148 |  0.031 |     0.000 |   650.000 |   728414.000 |   542.378 |
|  1091 |   0 | 1084 |   0 |   7 |   0 | GET    | /api/chair/search              | 0.003 | 0.408 | 149.454 | 0.137 | 0.208 | 0.252 | 0.340 |  0.060 |     0.000 | 27716.000 | 15312773.000 | 14035.539 |
|   571 |   0 |  569 |   0 |   2 |   0 | GET    | /api/chair/low_priced          | 0.016 | 0.216 |  39.444 | 0.069 | 0.100 | 0.112 | 0.156 |  0.027 |     0.000 | 12135.000 |  6899579.000 | 12083.326 |
|   571 |   0 |  569 |   0 |   2 |   0 | GET    | /api/estate/low_priced         | 0.012 | 0.284 |  35.852 | 0.063 | 0.092 | 0.104 | 0.172 |  0.029 |     0.000 | 13340.000 |  7587277.000 | 13287.701 |
|   503 |   0 |  503 |   0 |   0 |   0 | POST   | /api/estate/req_doc/[0-9]+     | 0.004 | 0.060 |   1.264 | 0.003 | 0.004 | 0.012 | 0.040 |  0.007 |     0.000 |     0.000 |        0.000 |     0.000 |
|   327 |   0 |  327 |   0 |   0 |   0 | GET    | /api/recommended_estate/[0-9]+ | 0.024 | 0.348 |  32.604 | 0.100 | 0.148 | 0.188 | 0.312 |  0.048 | 13128.000 | 13742.000 |  4373984.000 | 13376.098 |
|   220 |   0 |  220 |   0 |   0 |   0 | GET    | /api/estate/search/condition   | 0.000 | 0.004 |   0.120 | 0.001 | 0.004 | 0.004 | 0.004 |  0.001 |  2563.000 |  2563.000 |   563860.000 |  2563.000 |
|   189 |   0 |  184 |   0 |   5 |   0 | POST   | /api/estate/nazotte            | 0.032 | 2.000 |  63.500 | 0.336 | 0.852 | 1.300 | 2.000 |  0.413 |     0.000 | 34242.000 |  3432821.000 | 18163.074 |
|   165 |   0 |  165 |   0 |   0 |   0 | GET    | /api/chair/search/condition    | 0.004 | 0.008 |   0.088 | 0.001 | 0.004 | 0.004 | 0.004 |  0.001 |  3392.000 |  3392.000 |   559680.000 |  3392.000 |
|   162 |   0 |  162 |   0 |   0 |   0 | POST   | /api/chair/buy/[0-9]+          | 0.004 | 0.228 |   1.644 | 0.010 | 0.016 | 0.024 | 0.032 |  0.018 |     0.000 |     0.000 |        0.000 |     0.000 |
|     2 |   0 |    2 |   0 |   0 |   0 | POST   | /api/chair                     | 0.108 | 0.420 |   0.528 | 0.264 | 0.420 | 0.420 | 0.420 |  0.156 |     0.000 |     0.000 |        0.000 |     0.000 |
|     2 |   0 |    2 |   0 |   0 |   0 | POST   | /api/estate                    | 0.100 | 0.420 |   0.520 | 0.260 | 0.420 | 0.420 | 0.420 |  0.160 |     0.000 |     0.000 |        0.000 |     0.000 |
|     1 |   0 |    1 |   0 |   0 |   0 | POST   | /initialize                    | 1.696 | 1.696 |   1.696 | 1.696 | 1.696 | 1.696 | 1.696 |  0.000 |    23.000 |    23.000 |       23.000 |    23.000 |
+-------+-----+------+-----+-----+-----+--------+--------------------------------+-------+-------+---------+-------+-------+-------+-------+--------+-----------+-----------+--------------+-----------+
